<?xml version="1.0" encoding="UTF-8"?>
<!-- Generated by org.testng.reporters.JUnitReportReporter -->
<testsuite hostname="APH10173" failures="0" tests="1" name="com.solera.mystore.testcases.SignINTesterPage" time="29.003" errors="0" timestamp="2023-06-21T14:45:30 IST" skipped="0">
  <testcase classname="com.solera.mystore.testcases.SignINTesterPage" name="f" time="29.003"/>
</testsuite> <!-- com.solera.mystore.testcases.SignINTesterPage -->
