<?xml version="1.0" encoding="UTF-8"?>
<!-- Generated by org.testng.reporters.JUnitReportReporter -->
<testsuite hostname="DESKTOP-KGV9O2H" failures="0" tests="1" name="com.amdocs.mystore.testcases.RegisterTestPage" time="17.776" errors="0" timestamp="2023-07-24T14:40:50 IST" skipped="0">
  <testcase classname="com.amdocs.mystore.testcases.RegisterTestPage" name="registerpage" time="17.776"/>
</testsuite> <!-- com.amdocs.mystore.testcases.RegisterTestPage -->
