<?xml version="1.0" encoding="UTF-8"?>
<!-- Generated by org.testng.reporters.JUnitReportReporter -->
<testsuite hostname="DESKTOP-KGV9O2H" failures="0" tests="1" name="com.amdocs.mystore.testcases.SignINTesterPage" time="27.624" errors="0" timestamp="2023-07-24T13:05:14 IST" skipped="0">
  <testcase classname="com.amdocs.mystore.testcases.SignINTesterPage" name="signInPage" time="27.624"/>
</testsuite> <!-- com.amdocs.mystore.testcases.SignINTesterPage -->
