<?xml version="1.0" encoding="UTF-8"?>
<!-- Generated by org.testng.reporters.JUnitReportReporter -->
<testsuite hostname="APH10173" failures="0" tests="1" name="com.solera.mystore.testcases.RegisterTestPage" time="10.056" errors="0" timestamp="2023-06-21T13:59:53 IST" skipped="0">
  <testcase classname="com.solera.mystore.testcases.RegisterTestPage" name="f" time="10.056"/>
</testsuite> <!-- com.solera.mystore.testcases.RegisterTestPage -->
